<?xml version="1.0" encoding="UTF-8"?>
<!-- Generated by org.testng.reporters.JUnitXMLReporter -->
<testsuite ignored="5" hostname="DESKTOP-G57CLC5" failures="0" tests="1" name="Default test" time="5.572" errors="0" timestamp="2025-07-22T03:29:20 AST">
  <testcase classname="CodenBox.MyTestCasses" name="SwitchToAlert" time="0.188"/>
  <testcase classname="CodenBox.MyTestCasses" name="SelectCountries" time="0.0">
    <ignored/>
  </testcase> <!-- SelectCountries -->
  <testcase classname="CodenBox.MyTestCasses" name="CheckBox" time="0.0">
    <ignored/>
  </testcase> <!-- CheckBox -->
  <testcase classname="CodenBox.MyTestCasses" name="RadioButton" time="0.0">
    <ignored/>
  </testcase> <!-- RadioButton -->
  <testcase classname="CodenBox.MyTestCasses" name="SwitchWindow" time="0.0">
    <ignored/>
  </testcase> <!-- SwitchWindow -->
  <testcase classname="CodenBox.MyTestCasses" name="SelectTag" time="0.0">
    <ignored/>
  </testcase> <!-- SelectTag -->
</testsuite> <!-- Default test -->
