<?xml version="1.0" encoding="UTF-8"?>
<!-- Generated by org.testng.reporters.JUnitXMLReporter -->
<testsuite ignored="3" hostname="DESKTOP-G57CLC5" failures="0" tests="1" name="Default test" time="21.241" errors="0" timestamp="2025-07-21T18:16:45 AST">
  <testcase classname="CodenBox.MyTestCasses" name="cart" time="0.185"/>
  <testcase classname="CodenBox.MyTestCasses" name="RadioButton" time="0.0">
    <ignored/>
  </testcase> <!-- RadioButton -->
  <testcase classname="CodenBox.MyTestCasses" name="SelectCountries" time="0.0">
    <ignored/>
  </testcase> <!-- SelectCountries -->
  <testcase classname="CodenBox.MyTestCasses" name="SelectTag" time="0.0">
    <ignored/>
  </testcase> <!-- SelectTag -->
</testsuite> <!-- Default test -->
