<?xml version="1.0" encoding="UTF-8"?>
<testng-results ignored="5" total="6" passed="1" failed="0" skipped="0">
  <reporter-output>
  </reporter-output>
  <suite started-at="2025-07-22T03:29:14 AST" name="Default suite" finished-at="2025-07-22T03:29:20 AST" duration-ms="5572">
    <groups>
    </groups>
    <test started-at="2025-07-22T03:29:14 AST" name="Default test" finished-at="2025-07-22T03:29:20 AST" duration-ms="5572">
      <class name="CodenBox.MyTestCasses">
        <test-method is-config="true" signature="MySetup()[pri:0, instance:CodenBox.MyTestCasses@42f8285e]" started-at="2025-07-22T03:29:14 AST" name="MySetup" finished-at="2025-07-22T03:29:19 AST" duration-ms="5339" status="PASS">
          <reporter-output>
          </reporter-output>
        </test-method> <!-- MySetup -->
        <test-method signature="SwitchToAlert()[pri:6, instance:CodenBox.MyTestCasses@42f8285e]" started-at="2025-07-22T03:29:19 AST" name="SwitchToAlert" finished-at="2025-07-22T03:29:20 AST" duration-ms="188" status="PASS">
          <reporter-output>
          </reporter-output>
        </test-method> <!-- SwitchToAlert -->
      </class> <!-- CodenBox.MyTestCasses -->
    </test> <!-- Default test -->
  </suite> <!-- Default suite -->
</testng-results>
