<?xml version="1.0" encoding="UTF-8"?>
<testng-results ignored="10" total="11" passed="1" failed="0" skipped="0">
  <reporter-output>
  </reporter-output>
  <suite started-at="2025-07-23T00:46:44 AST" name="Default suite" finished-at="2025-07-23T00:46:55 AST" duration-ms="10741">
    <groups>
    </groups>
    <test started-at="2025-07-23T00:46:44 AST" name="Default test" finished-at="2025-07-23T00:46:55 AST" duration-ms="10741">
      <class name="CodenBox.MyTestCasses">
        <test-method is-config="true" signature="MySetup()[pri:0, instance:CodenBox.MyTestCasses@2320fa6f]" started-at="2025-07-23T00:46:44 AST" name="MySetup" finished-at="2025-07-23T00:46:51 AST" duration-ms="7065" status="PASS">
          <reporter-output>
          </reporter-output>
        </test-method> <!-- MySetup -->
        <test-method signature="Calender()[pri:11, instance:CodenBox.MyTestCasses@2320fa6f]" started-at="2025-07-23T00:46:51 AST" name="Calender" finished-at="2025-07-23T00:46:55 AST" duration-ms="3630" status="PASS">
          <reporter-output>
          </reporter-output>
        </test-method> <!-- Calender -->
      </class> <!-- CodenBox.MyTestCasses -->
    </test> <!-- Default test -->
  </suite> <!-- Default suite -->
</testng-results>
